# JRE version: Java(TM) SE Runtime Environment 18.9 (11.0.17+10) (build 11.0.17+10-LTS-269)
# Java VM: Java HotSpot(TM) 64-Bit Server VM 18.9 (11.0.17+10-LTS-269, mixed mode, tiered, compressed oops, g1 gc, windows-amd64)
Heap:
 garbage-first heap   total 253952K, used 183364K [0x0000000709800000, 0x0000000800000000)
  region size 1024K, 124 young (126976K), 14 survivors (14336K)
 Metaspace       used 95731K, capacity 98763K, committed 98852K, reserved 1134592K
  class space    used 11975K, capacity 13201K, committed 13260K, reserved 1048576K
GC Heap History (10 events):
Event: 8.628 GC heap before
{Heap before GC invocations=13 (full 0):
 garbage-first heap   total 253952K, used 159516K [0x0000000709800000, 0x0000000800000000)
  region size 1024K, 131 young (134144K), 13 survivors (13312K)
 Metaspace       used 68741K, capacity 70603K, committed 70692K, reserved 1110016K
  class space    used 8798K, capacity 9591K, committed 9676K, reserved 1048576K
}
Event: 8.634 GC heap after
{Heap after GC invocations=14 (full 0):
 garbage-first heap   total 253952K, used 41980K [0x0000000709800000, 0x0000000800000000)
  region size 1024K, 10 young (10240K), 10 survivors (10240K)
 Metaspace       used 68741K, capacity 70603K, committed 70692K, reserved 1110016K
  class space    used 8798K, capacity 9591K, committed 9676K, reserved 1048576K
}
Event: 9.187 GC heap before
{Heap before GC invocations=14 (full 0):
 garbage-first heap   total 253952K, used 168956K [0x0000000709800000, 0x0000000800000000)
  region size 1024K, 134 young (137216K), 10 survivors (10240K)
 Metaspace       used 70517K, capacity 72411K, committed 72612K, reserved 1112064K
  class space    used 8917K, capacity 9722K, committed 9804K, reserved 1048576K
}
Event: 9.192 GC heap after
{Heap after GC invocations=15 (full 0):
 garbage-first heap   total 253952K, used 45793K [0x0000000709800000, 0x0000000800000000)
  region size 1024K, 13 young (13312K), 13 survivors (13312K)
 Metaspace       used 70517K, capacity 72411K, committed 72612K, reserved 1112064K
  class space    used 8917K, capacity 9722K, committed 9804K, reserved 1048576K
}
Event: 11.340 GC heap before
{Heap before GC invocations=15 (full 0):
 garbage-first heap   total 253952K, used 177889K [0x0000000709800000, 0x0000000800000000)
  region size 1024K, 142 young (145408K), 13 survivors (13312K)
 Metaspace       used 73163K, capacity 75256K, committed 75300K, reserved 1114112K
  class space    used 9302K, capacity 10182K, committed 10188K, reserved 1048576K
}
Event: 11.347 GC heap after
{Heap after GC invocations=16 (full 0):
 garbage-first heap   total 253952K, used 52485K [0x0000000709800000, 0x0000000800000000)
  region size 1024K, 15 young (15360K), 15 survivors (15360K)
 Metaspace       used 73163K, capacity 75256K, committed 75300K, reserved 1114112K
  class space    used 9302K, capacity 10182K, committed 10188K, reserved 1048576K
}
Event: 13.193 GC heap before
{Heap before GC invocations=16 (full 0):
 garbage-first heap   total 253952K, used 183557K [0x0000000709800000, 0x0000000800000000)
  region size 1024K, 143 young (146432K), 15 survivors (15360K)
 Metaspace       used 77055K, capacity 79303K, committed 79524K, reserved 1118208K
  class space    used 9829K, capacity 10775K, committed 10828K, reserved 1048576K
}
Event: 13.202 GC heap after
{Heap after GC invocations=17 (full 0):
 garbage-first heap   total 253952K, used 58897K [0x0000000709800000, 0x0000000800000000)
  region size 1024K, 14 young (14336K), 14 survivors (14336K)
 Metaspace       used 77055K, capacity 79303K, committed 79524K, reserved 1118208K
  class space    used 9829K, capacity 10775K, committed 10828K, reserved 1048576K
}
Event: 34.413 GC heap before
{Heap before GC invocations=17 (full 0):
 garbage-first heap   total 253952K, used 188945K [0x0000000709800000, 0x0000000800000000)
  region size 1024K, 142 young (145408K), 14 survivors (14336K)
 Metaspace       used 84893K, capacity 87685K, committed 87972K, reserved 1126400K
  class space    used 10890K, capacity 12039K, committed 12108K, reserved 1048576K
}
Event: 34.422 GC heap after
{Heap after GC invocations=18 (full 0):
 garbage-first heap   total 253952K, used 65604K [0x0000000709800000, 0x0000000800000000)
  region size 1024K, 14 young (14336K), 14 survivors (14336K)
 Metaspace       used 84893K, capacity 87685K, committed 87972K, reserved 1126400K
  class space    used 10890K, capacity 12039K, committed 12108K, reserved 1048576K
}

